main.adb:25:38: "arbol" is not visible
main.adb:25:38: non-visible declaration at darbolordinario.ads:11
main.adb:30:42: "peces" is not visible (more references follow)
main.adb:30:42: non-visible (private) declaration at dtauler.ads:37
main.adb:38:15: "raiz" is not visible
main.adb:38:15: non-visible declaration at darbolordinario.ads:22
main.adb:52:19: array type required in indexed component
main.adb:53:19: array type required in indexed component
main.adb:55:21: prefix of dereference must be an access type
main.adb:57:19: "anadir_hijo" is undefined
main.adb:63:13: "e_primer_hijo" is not visible
main.adb:63:13: non-visible declaration at darbolordinario.ads:19
main.adb:64:13: "primer_hijo" is not visible
main.adb:64:13: non-visible declaration at darbolordinario.ads:20
main.adb:65:13: "generar_estats" is undefined
main.adb:65:13: possible misspelling of "genera_estats"
main.adb:66:13: "padre" is not visible
main.adb:66:13: non-visible declaration at darbolordinario.ads:26
main.adb:70:13: "e_hermano" is not visible
main.adb:70:13: non-visible declaration at darbolordinario.ads:23
main.adb:71:13: "hermano" is not visible
main.adb:71:13: non-visible declaration at darbolordinario.ads:24
main.adb:106:10: array type required in indexed component
